[22:06:59] [main/INFO]: Environment: authHost='https://authserver.mojang.com', accountsHost='https://api.mojang.com', sessionHost='https://sessionserver.mojang.com', name='PROD'
[22:07:00] [main/WARN]: Ambiguity between arguments [teleport, destination] and [teleport, targets] with inputs: [Player, 0123, @e, dd12be42-52a9-4a91-a8a1-11c01849e498]
[22:07:00] [main/WARN]: Ambiguity between arguments [teleport, location] and [teleport, destination] with inputs: [0.1 -0.5 .9, 0 0 0]
[22:07:00] [main/WARN]: Ambiguity between arguments [teleport, location] and [teleport, targets] with inputs: [0.1 -0.5 .9, 0 0 0]
[22:07:00] [main/WARN]: Ambiguity between arguments [teleport, targets] and [teleport, destination] with inputs: [Player, 0123, dd12be42-52a9-4a91-a8a1-11c01849e498]
[22:07:00] [main/WARN]: Ambiguity between arguments [teleport, targets, location] and [teleport, targets, destination] with inputs: [0.1 -0.5 .9, 0 0 0]
[22:07:00] [main/INFO]: Reloading ResourceManager: Default
[22:07:00] [Worker-Main-12/INFO]: Loaded 7 recipes
[22:07:01] [Worker-Main-12/INFO]: Loaded 927 advancements
[22:07:02] [Server thread/INFO]: Starting minecraft server version 1.16.1
[22:07:02] [Server thread/INFO]: Loading properties
[22:07:02] [Server thread/INFO]: Default game type: SURVIVAL
[22:07:02] [Server thread/INFO]: Generating keypair
[22:07:02] [Server thread/INFO]: Starting Minecraft server on *:25565
[22:07:02] [Server thread/INFO]: Using default channel type
[22:07:03] [Server thread/WARN]: **** SERVER IS RUNNING IN OFFLINE/INSECURE MODE!
[22:07:03] [Server thread/WARN]: The server will make no attempt to authenticate usernames. Beware.
[22:07:03] [Server thread/WARN]: While this makes the game possible to play without internet access, it also opens up the ability for hackers to connect with any username they choose.
[22:07:03] [Server thread/WARN]: To change this, set "online-mode" to "true" in the server.properties file.
[22:07:03] [Server thread/INFO]: Preparing level "world"
[22:07:03] [Server thread/INFO]: Preparing start region for dimension minecraft:overworld
[22:07:04] [Server thread/INFO]: Preparing spawn area: 0%
[22:07:04] [Server thread/INFO]: Preparing spawn area: 0%
[22:07:04] [Server thread/INFO]: Preparing spawn area: 0%
[22:07:05] [Server thread/INFO]: Preparing spawn area: 5%
[22:07:05] [Server thread/INFO]: Time elapsed: 2126 ms
[22:07:05] [Server thread/INFO]: Done (2.242s)! For help, type "help"
[22:07:07] [Server thread/INFO]: K1MSAN[/26.96.26.18:49746] logged in with entity id 237 at (939.0275766517889, 63.71205320051033, 513.9498588450994)
[22:07:07] [Server thread/INFO]: K1MSAN joined the game
[22:07:07] [Server thread/INFO]: Gumpyuie[/26.92.159.152:63354] logged in with entity id 251 at (850.4846606783674, 66.0, 761.6999999880791)
[22:07:07] [Server thread/INFO]: Gumpyuie joined the game
[22:07:13] [Server thread/INFO]: ChessyP[/26.91.65.194:53046] logged in with entity id 475 at (1707.5538395203148, 64.0, 940.473243724911)
[22:07:13] [Server thread/INFO]: ChessyP joined the game
[22:07:18] [Server thread/INFO]: <Gumpyuie> b dom
[22:07:38] [Server thread/INFO]: [Server] mix hai
[22:07:44] [Server thread/INFO]: <Gumpyuie> lang ey ai
[22:07:53] [Server thread/INFO]: Suzy[/26.83.160.161:62518] logged in with entity id 1332 at (889.5051812835395, 56.0, 311.2099896342404)
[22:07:53] [Server thread/INFO]: Suzy joined the game
[22:07:53] [Server thread/INFO]: <Gumpyuie> thank you
