[23:55:20] [main/INFO]: Environment: authHost='https://authserver.mojang.com', accountsHost='https://api.mojang.com', sessionHost='https://sessionserver.mojang.com', name='PROD'
[23:55:22] [main/WARN]: Ambiguity between arguments [teleport, destination] and [teleport, targets] with inputs: [Player, 0123, @e, dd12be42-52a9-4a91-a8a1-11c01849e498]
[23:55:22] [main/WARN]: Ambiguity between arguments [teleport, location] and [teleport, destination] with inputs: [0.1 -0.5 .9, 0 0 0]
[23:55:22] [main/WARN]: Ambiguity between arguments [teleport, location] and [teleport, targets] with inputs: [0.1 -0.5 .9, 0 0 0]
[23:55:22] [main/WARN]: Ambiguity between arguments [teleport, targets] and [teleport, destination] with inputs: [Player, 0123, dd12be42-52a9-4a91-a8a1-11c01849e498]
[23:55:22] [main/WARN]: Ambiguity between arguments [teleport, targets, location] and [teleport, targets, destination] with inputs: [0.1 -0.5 .9, 0 0 0]
[23:55:22] [main/INFO]: Reloading ResourceManager: Default
[23:55:23] [Worker-Main-13/INFO]: Loaded 7 recipes
[23:55:24] [Worker-Main-13/INFO]: Loaded 927 advancements
[23:55:26] [Server thread/INFO]: Starting minecraft server version 1.16.1
[23:55:26] [Server thread/INFO]: Loading properties
[23:55:26] [Server thread/INFO]: Default game type: SURVIVAL
[23:55:26] [Server thread/INFO]: Generating keypair
[23:55:27] [Server thread/INFO]: Starting Minecraft server on *:25565
[23:55:27] [Server thread/INFO]: Using default channel type
[23:55:32] [Server thread/WARN]: **** SERVER IS RUNNING IN OFFLINE/INSECURE MODE!
[23:55:32] [Server thread/WARN]: The server will make no attempt to authenticate usernames. Beware.
[23:55:32] [Server thread/WARN]: While this makes the game possible to play without internet access, it also opens up the ability for hackers to connect with any username they choose.
[23:55:32] [Server thread/WARN]: To change this, set "online-mode" to "true" in the server.properties file.
[23:55:33] [Server thread/INFO]: Preparing level "world"
[23:55:33] [Server thread/INFO]: Preparing start region for dimension minecraft:overworld
[23:55:36] [Server thread/INFO]: Preparing spawn area: 0%
[23:55:36] [Server thread/INFO]: Preparing spawn area: 0%
[23:55:36] [Server thread/INFO]: Preparing spawn area: 0%
[23:55:36] [Server thread/INFO]: Preparing spawn area: 0%
[23:55:36] [Server thread/INFO]: Preparing spawn area: 0%
[23:55:36] [Server thread/INFO]: Preparing spawn area: 0%
[23:55:36] [Server thread/INFO]: Preparing spawn area: 0%
[23:55:37] [Server thread/INFO]: Preparing spawn area: 0%
[23:55:37] [Server thread/INFO]: Preparing spawn area: 50%
[23:55:39] [Server thread/INFO]: Time elapsed: 5752 ms
[23:55:39] [Server thread/INFO]: Done (6.050s)! For help, type "help"
[23:55:44] [Server thread/WARN]: Can't keep up! Is the server overloaded? Running 3206ms or 64 ticks behind
